<?xml version="1.0" encoding="UTF-8"?>
<!-- Generated by org.testng.reporters.JUnitReportReporter -->
<testsuite hostname="DESKTOP-V0D06AI" failures="0" tests="4" name="ERP_Runner.ERP_Runner" time="54.668" errors="0" timestamp="2024-09-08T19:10:27 IST" skipped="0">
  <testcase classname="ERP_Runner.ERP_Runner" name="runScenario" time="13.164"/>
  <system-out/>
  <testcase classname="ERP_Runner.ERP_Runner" name="runScenario" time="17.843"/>
  <system-out/>
  <testcase classname="ERP_Runner.ERP_Runner" name="runScenario" time="11.334"/>
  <system-out/>
  <testcase classname="ERP_Runner.ERP_Runner" name="runScenario" time="12.327"/>
  <system-out/>
</testsuite> <!-- ERP_Runner.ERP_Runner -->
